[1230/225524.056:ERROR:process_reader_win.cc(242)] ReadMemory at 0x7ff6347d0000 of 64 bytes failed: Only part of a ReadProcessMemory or WriteProcessMemory request was completed. (0x12B)
[1230/225524.068:WARNING:pe_image_reader.cc(302)] could not read dos header from C:\Program Files (x86)\Google\Chrome\Application\chrome.exe
[1230/225524.068:ERROR:process_reader_win.cc(242)] ReadMemory at 0x7ff91f110000 of 64 bytes failed: Only part of a ReadProcessMemory or WriteProcessMemory request was completed. (0x12B)
[1230/225524.068:WARNING:pe_image_reader.cc(302)] could not read dos header from C:\WINDOWS\SYSTEM32\ntdll.dll
[1230/225524.068:ERROR:process_reader_win.cc(242)] ReadMemory at 0x7ff91f020000 of 64 bytes failed: Only part of a ReadProcessMemory or WriteProcessMemory request was completed. (0x12B)
[1230/225524.082:WARNING:pe_image_reader.cc(302)] could not read dos header from C:\WINDOWS\System32\KERNEL32.DLL
[1230/225524.082:ERROR:process_reader_win.cc(242)] ReadMemory at 0x7ff91c100000 of 64 bytes failed: Only part of a ReadProcessMemory or WriteProcessMemory request was completed. (0x12B)
[1230/225524.082:WARNING:pe_image_reader.cc(302)] could not read dos header from C:\WINDOWS\System32\KERNELBASE.dll
[1230/225524.082:ERROR:process_reader_win.cc(242)] ReadMemory at 0x7ff919960000 of 64 bytes failed: Only part of a ReadProcessMemory or WriteProcessMemory request was completed. (0x12B)
[1230/225524.082:WARNING:pe_image_reader.cc(302)] could not read dos header from C:\WINDOWS\SYSTEM32\apphelp.dll
[1230/225524.082:ERROR:process_reader_win.cc(242)] ReadMemory at 0x7ff91d7a0000 of 64 bytes failed: Only part of a ReadProcessMemory or WriteProcessMemory request was completed. (0x12B)
[1230/225524.082:WARNING:pe_image_reader.cc(302)] could not read dos header from C:\WINDOWS\System32\SHELL32.dll
[1230/225524.082:ERROR:process_reader_win.cc(242)] ReadMemory at 0x7ff91c820000 of 64 bytes failed: Only part of a ReadProcessMemory or WriteProcessMemory request was completed. (0x12B)
[1230/225524.082:WARNING:pe_image_reader.cc(302)] could not read dos header from C:\WINDOWS\System32\msvcrt.dll
[1230/225524.082:ERROR:process_reader_win.cc(242)] ReadMemory at 0x7ff91c430000 of 64 bytes failed: Only part of a ReadProcessMemory or WriteProcessMemory request was completed. (0x12B)
[1230/225524.082:WARNING:pe_image_reader.cc(302)] could not read dos header from C:\WINDOWS\System32\cfgmgr32.dll
[1230/225524.082:ERROR:process_reader_win.cc(242)] ReadMemory at 0x7ff91c4a0000 of 64 bytes failed: Only part of a ReadProcessMemory or WriteProcessMemory request was completed. (0x12B)
[1230/225524.082:WARNING:pe_image_reader.cc(302)] could not read dos header from C:\WINDOWS\System32\ucrtbase.dll
[1230/225524.082:ERROR:process_reader_win.cc(242)] ReadMemory at 0x7ff91d6e0000 of 64 bytes failed: Only part of a ReadProcessMemory or WriteProcessMemory request was completed. (0x12B)
[1230/225524.082:WARNING:pe_image_reader.cc(302)] could not read dos header from C:\WINDOWS\System32\shcore.dll
[1230/225524.082:ERROR:process_reader_win.cc(242)] ReadMemory at 0x7ff91c6f0000 of 64 bytes failed: Only part of a ReadProcessMemory or WriteProcessMemory request was completed. (0x12B)
[1230/225524.082:WARNING:pe_image_reader.cc(302)] could not read dos header from C:\WINDOWS\System32\RPCRT4.dll
[1230/225524.082:ERROR:process_reader_win.cc(242)] ReadMemory at 0x7ff91ecc0000 of 64 bytes failed: Only part of a ReadProcessMemory or WriteProcessMemory request was completed. (0x12B)
[1230/225524.082:WARNING:pe_image_reader.cc(302)] could not read dos header from C:\WINDOWS\System32\combase.dll
[1230/225524.082:ERROR:process_reader_win.cc(242)] ReadMemory at 0x7ff91b870000 of 64 bytes failed: Only part of a ReadProcessMemory or WriteProcessMemory request was completed. (0x12B)
[1230/225524.082:WARNING:pe_image_reader.cc(302)] could not read dos header from C:\WINDOWS\System32\bcryptPrimitives.dll
[1230/225524.082:ERROR:process_reader_win.cc(242)] ReadMemory at 0x7ff91b990000 of 64 bytes failed: Only part of a ReadProcessMemory or WriteProcessMemory request was completed. (0x12B)
[1230/225524.082:WARNING:pe_image_reader.cc(302)] could not read dos header from C:\WINDOWS\System32\windows.storage.dll
[1230/225524.082:ERROR:process_reader_win.cc(242)] ReadMemory at 0x7ff91cac0000 of 64 bytes failed: Only part of a ReadProcessMemory or WriteProcessMemory request was completed. (0x12B)
[1230/225524.082:WARNING:pe_image_reader.cc(302)] could not read dos header from C:\WINDOWS\System32\advapi32.dll
[1230/225524.082:ERROR:process_reader_win.cc(242)] ReadMemory at 0x7ff91c8c0000 of 64 bytes failed: Only part of a ReadProcessMemory or WriteProcessMemory request was completed. (0x12B)
[1230/225524.082:WARNING:pe_image_reader.cc(302)] could not read dos header from C:\WINDOWS\System32\sechost.dll
[1230/225524.082:ERROR:process_reader_win.cc(242)] ReadMemory at 0x7ff91d610000 of 64 bytes failed: Only part of a ReadProcessMemory or WriteProcessMemory request was completed. (0x12B)
[1230/225524.082:WARNING:pe_image_reader.cc(302)] could not read dos header from C:\WINDOWS\System32\shlwapi.dll
[1230/225524.082:ERROR:process_reader_win.cc(242)] ReadMemory at 0x7ff91eff0000 of 64 bytes failed: Only part of a ReadProcessMemory or WriteProcessMemory request was completed. (0x12B)
[1230/225524.082:WARNING:pe_image_reader.cc(302)] could not read dos header from C:\WINDOWS\System32\GDI32.dll
[1230/225524.082:ERROR:process_reader_win.cc(242)] ReadMemory at 0x7ff91b4e0000 of 64 bytes failed: Only part of a ReadProcessMemory or WriteProcessMemory request was completed. (0x12B)
[1230/225524.083:WARNING:pe_image_reader.cc(302)] could not read dos header from C:\WINDOWS\System32\gdi32full.dll
[1230/225524.083:ERROR:process_reader_win.cc(242)] ReadMemory at 0x7ff91b8f0000 of 64 bytes failed: Only part of a ReadProcessMemory or WriteProcessMemory request was completed. (0x12B)
[1230/225524.083:WARNING:pe_image_reader.cc(302)] could not read dos header from C:\WINDOWS\System32\msvcp_win.dll
[1230/225524.083:ERROR:process_reader_win.cc(242)] ReadMemory at 0x7ff91d1d0000 of 64 bytes failed: Only part of a ReadProcessMemory or WriteProcessMemory request was completed. (0x12B)
[1230/225524.083:WARNING:pe_image_reader.cc(302)] could not read dos header from C:\WINDOWS\System32\USER32.dll
[1230/225524.083:ERROR:process_reader_win.cc(242)] ReadMemory at 0x7ff91c480000 of 64 bytes failed: Only part of a ReadProcessMemory or WriteProcessMemory request was completed. (0x12B)
[1230/225524.083:WARNING:pe_image_reader.cc(302)] could not read dos header from C:\WINDOWS\System32\win32u.dll
[1230/225524.083:ERROR:process_reader_win.cc(242)] ReadMemory at 0x7ff91b4a0000 of 64 bytes failed: Only part of a ReadProcessMemory or WriteProcessMemory request was completed. (0x12B)
[1230/225524.083:WARNING:pe_image_reader.cc(302)] could not read dos header from C:\WINDOWS\System32\kernel.appcore.dll
[1230/225524.083:ERROR:process_reader_win.cc(242)] ReadMemory at 0x7ff91b430000 of 64 bytes failed: Only part of a ReadProcessMemory or WriteProcessMemory request was completed. (0x12B)
[1230/225524.083:WARNING:pe_image_reader.cc(302)] could not read dos header from C:\WINDOWS\System32\profapi.dll
[1230/225524.083:ERROR:process_reader_win.cc(242)] ReadMemory at 0x7ff91b450000 of 64 bytes failed: Only part of a ReadProcessMemory or WriteProcessMemory request was completed. (0x12B)
[1230/225524.083:WARNING:pe_image_reader.cc(302)] could not read dos header from C:\WINDOWS\System32\powrprof.dll
[1230/225524.083:ERROR:process_reader_win.cc(242)] ReadMemory at 0x7ff91b420000 of 64 bytes failed: Only part of a ReadProcessMemory or WriteProcessMemory request was completed. (0x12B)
[1230/225524.083:WARNING:pe_image_reader.cc(302)] could not read dos header from C:\WINDOWS\System32\FLTLIB.DLL
[1230/225524.083:ERROR:process_reader_win.cc(242)] ReadMemory at 0x7ff91d790000 of 64 bytes failed: Only part of a ReadProcessMemory or WriteProcessMemory request was completed. (0x12B)
[1230/225524.083:WARNING:pe_image_reader.cc(302)] could not read dos header from C:\WINDOWS\System32\PSAPI.DLL
[1230/225524.083:ERROR:process_reader_win.cc(242)] ReadMemory at 0x7ff909af0000 of 64 bytes failed: Only part of a ReadProcessMemory or WriteProcessMemory request was completed. (0x12B)
[1230/225524.083:WARNING:pe_image_reader.cc(302)] could not read dos header from C:\Program Files (x86)\Google\Chrome\Application\71.0.3578.98\chrome_elf.dll
[1230/225524.083:ERROR:process_reader_win.cc(242)] ReadMemory at 0x7ff916c20000 of 64 bytes failed: Only part of a ReadProcessMemory or WriteProcessMemory request was completed. (0x12B)
[1230/225524.083:WARNING:pe_image_reader.cc(302)] could not read dos header from C:\WINDOWS\SYSTEM32\VERSION.dll
[1230/225524.083:ERROR:process_reader_win.cc(242)] ReadMemory at 0x7ff9195a0000 of 64 bytes failed: Only part of a ReadProcessMemory or WriteProcessMemory request was completed. (0x12B)
[1230/225524.083:WARNING:pe_image_reader.cc(302)] could not read dos header from C:\WINDOWS\SYSTEM32\WINMM.dll
[1230/225524.083:ERROR:process_reader_win.cc(242)] ReadMemory at 0x7ff91b350000 of 64 bytes failed: Only part of a ReadProcessMemory or WriteProcessMemory request was completed. (0x12B)
[1230/225524.083:WARNING:pe_image_reader.cc(302)] could not read dos header from C:\WINDOWS\SYSTEM32\USERENV.dll
[1230/225524.083:ERROR:process_reader_win.cc(242)] ReadMemory at 0x7ff919570000 of 64 bytes failed: Only part of a ReadProcessMemory or WriteProcessMemory request was completed. (0x12B)
[1230/225524.083:WARNING:pe_image_reader.cc(302)] could not read dos header from C:\WINDOWS\SYSTEM32\WINMMBASE.dll
[1230/225524.083:ERROR:process_reader_win.cc(242)] ReadMemory at 0x7ff91adf0000 of 64 bytes failed: Only part of a ReadProcessMemory or WriteProcessMemory request was completed. (0x12B)
[1230/225524.083:WARNING:pe_image_reader.cc(302)] could not read dos header from C:\WINDOWS\SYSTEM32\CRYPTBASE.DLL
[1230/225524.083:ERROR:process_reader_win.cc(242)] ReadMemory at 0x1647d480000 of 64 bytes failed: Only part of a ReadProcessMemory or WriteProcessMemory request was completed. (0x12B)
[1230/225524.083:WARNING:pe_image_reader.cc(302)] could not read dos header from C:\WINDOWS\System32\IMM32.DLL
[1230/225524.083:ERROR:process_reader_win.cc(242)] ReadMemory at 0x7ff8c7d50000 of 64 bytes failed: Only part of a ReadProcessMemory or WriteProcessMemory request was completed. (0x12B)
[1230/225524.083:WARNING:pe_image_reader.cc(302)] could not read dos header from C:\Program Files (x86)\Google\Chrome\Application\71.0.3578.98\chrome_child.dll
[1230/225524.083:ERROR:process_reader_win.cc(242)] ReadMemory at 0x7ff91d670000 of 64 bytes failed: Only part of a ReadProcessMemory or WriteProcessMemory request was completed. (0x12B)
[1230/225524.083:WARNING:pe_image_reader.cc(302)] could not read dos header from C:\WINDOWS\System32\WS2_32.dll
[1230/225524.083:ERROR:process_reader_win.cc(242)] ReadMemory at 0x7ff91d490000 of 64 bytes failed: Only part of a ReadProcessMemory or WriteProcessMemory request was completed. (0x12B)
[1230/225524.083:WARNING:pe_image_reader.cc(302)] could not read dos header from C:\WINDOWS\System32\ole32.dll
[1230/225524.083:ERROR:process_reader_win.cc(242)] ReadMemory at 0x7ff91ebf0000 of 64 bytes failed: Only part of a ReadProcessMemory or WriteProcessMemory request was completed. (0x12B)
[1230/225524.084:WARNING:pe_image_reader.cc(302)] could not read dos header from C:\WINDOWS\System32\OLEAUT32.dll
[1230/225524.084:ERROR:process_reader_win.cc(242)] ReadMemory at 0x7ff91c0a0000 of 64 bytes failed: Only part of a ReadProcessMemory or WriteProcessMemory request was completed. (0x12B)
[1230/225524.084:WARNING:pe_image_reader.cc(302)] could not read dos header from C:\WINDOWS\System32\WINTRUST.dll
[1230/225524.084:ERROR:process_reader_win.cc(242)] ReadMemory at 0x7ff91b4c0000 of 64 bytes failed: Only part of a ReadProcessMemory or WriteProcessMemory request was completed. (0x12B)
[1230/225524.084:WARNING:pe_image_reader.cc(302)] could not read dos header from C:\WINDOWS\System32\MSASN1.dll
[1230/225524.084:ERROR:process_reader_win.cc(242)] ReadMemory at 0x7ff91b680000 of 64 bytes failed: Only part of a ReadProcessMemory or WriteProcessMemory request was completed. (0x12B)
[1230/225524.084:WARNING:pe_image_reader.cc(302)] could not read dos header from C:\WINDOWS\System32\CRYPT32.dll
[1230/225524.084:ERROR:process_reader_win.cc(242)] ReadMemory at 0x7ff91c5a0000 of 64 bytes failed: Only part of a ReadProcessMemory or WriteProcessMemory request was completed. (0x12B)
[1230/225524.084:WARNING:pe_image_reader.cc(302)] could not read dos header from C:\WINDOWS\System32\COMDLG32.dll
[1230/225524.084:ERROR:process_reader_win.cc(242)] ReadMemory at 0x7ff91a9c0000 of 64 bytes failed: Only part of a ReadProcessMemory or WriteProcessMemory request was completed. (0x12B)
[1230/225524.084:WARNING:pe_image_reader.cc(302)] could not read dos header from C:\WINDOWS\SYSTEM32\IPHLPAPI.DLL
[1230/225524.084:ERROR:process_reader_win.cc(242)] ReadMemory at 0x7ff90a110000 of 64 bytes failed: Only part of a ReadProcessMemory or WriteProcessMemory request was completed. (0x12B)
[1230/225524.084:WARNING:pe_image_reader.cc(302)] could not read dos header from C:\WINDOWS\SYSTEM32\OLEACC.dll
[1230/225524.084:ERROR:process_reader_win.cc(242)] ReadMemory at 0x7ff90f4e0000 of 64 bytes failed: Only part of a ReadProcessMemory or WriteProcessMemory request was completed. (0x12B)
[1230/225524.084:WARNING:pe_image_reader.cc(302)] could not read dos header from C:\WINDOWS\WinSxS\amd64_microsoft.windows.common-controls_6595b64144ccf1df_6.0.17134.472_none_fb3f9af53068156d\COMCTL32.dll
[1230/225524.084:ERROR:process_reader_win.cc(242)] ReadMemory at 0x7ff90ed20000 of 64 bytes failed: Only part of a ReadProcessMemory or WriteProcessMemory request was completed. (0x12B)
[1230/225524.084:WARNING:pe_image_reader.cc(302)] could not read dos header from C:\WINDOWS\SYSTEM32\DWrite.dll
[1230/225524.084:ERROR:process_reader_win.cc(242)] ReadMemory at 0x7ff91a210000 of 64 bytes failed: Only part of a ReadProcessMemory or WriteProcessMemory request was completed. (0x12B)
[1230/225524.084:WARNING:pe_image_reader.cc(302)] could not read dos header from C:\WINDOWS\SYSTEM32\dxgi.dll
[1230/225524.084:ERROR:process_reader_win.cc(242)] ReadMemory at 0x7ff90f750000 of 64 bytes failed: Only part of a ReadProcessMemory or WriteProcessMemory request was completed. (0x12B)
[1230/225524.084:WARNING:pe_image_reader.cc(302)] could not read dos header from C:\WINDOWS\SYSTEM32\WINSPOOL.DRV
[1230/225524.084:ERROR:process_reader_win.cc(242)] ReadMemory at 0x7ff915200000 of 64 bytes failed: Only part of a ReadProcessMemory or WriteProcessMemory request was completed. (0x12B)
[1230/225524.084:WARNING:pe_image_reader.cc(302)] could not read dos header from C:\WINDOWS\SYSTEM32\dbghelp.dll
[1230/225524.084:ERROR:process_reader_win.cc(242)] ReadMemory at 0x7ff907b60000 of 64 bytes failed: Only part of a ReadProcessMemory or WriteProcessMemory request was completed. (0x12B)
[1230/225524.084:WARNING:pe_image_reader.cc(302)] could not read dos header from C:\WINDOWS\SYSTEM32\USP10.dll
[1230/225524.084:ERROR:process_reader_win.cc(242)] ReadMemory at 0x7ff9159a0000 of 64 bytes failed: Only part of a ReadProcessMemory or WriteProcessMemory request was completed. (0x12B)
[1230/225524.084:WARNING:pe_image_reader.cc(302)] could not read dos header from C:\WINDOWS\SYSTEM32\WINHTTP.dll
[1230/225524.084:ERROR:process_reader_win.cc(242)] ReadMemory at 0x7ff910d60000 of 64 bytes failed: Only part of a ReadProcessMemory or WriteProcessMemory request was completed. (0x12B)
[1230/225524.084:WARNING:pe_image_reader.cc(302)] could not read dos header from C:\WINDOWS\SYSTEM32\urlmon.dll
[1230/225524.084:ERROR:process_reader_win.cc(242)] ReadMemory at 0x7ff9126c0000 of 64 bytes failed: Only part of a ReadProcessMemory or WriteProcessMemory request was completed. (0x12B)
[1230/225524.084:WARNING:pe_image_reader.cc(302)] could not read dos header from C:\WINDOWS\SYSTEM32\Secur32.dll
[1230/225524.084:ERROR:process_reader_win.cc(242)] ReadMemory at 0x7ff912390000 of 64 bytes failed: Only part of a ReadProcessMemory or WriteProcessMemory request was completed. (0x12B)
[1230/225524.084:WARNING:pe_image_reader.cc(302)] could not read dos header from C:\WINDOWS\SYSTEM32\dhcpcsvc.DLL
[1230/225524.084:ERROR:process_reader_win.cc(242)] ReadMemory at 0x7ff91ebe0000 of 64 bytes failed: Only part of a ReadProcessMemory or WriteProcessMemory request was completed. (0x12B)
[1230/225524.084:WARNING:pe_image_reader.cc(302)] could not read dos header from C:\WINDOWS\System32\NSI.dll
[1230/225524.084:ERROR:process_reader_win.cc(242)] ReadMemory at 0x7ff917fe0000 of 64 bytes failed: Only part of a ReadProcessMemory or WriteProcessMemory request was completed. (0x12B)
[1230/225524.084:WARNING:pe_image_reader.cc(302)] could not read dos header from C:\WINDOWS\SYSTEM32\PROPSYS.dll
[1230/225524.084:ERROR:process_reader_win.cc(242)] ReadMemory at 0x7ff91af20000 of 64 bytes failed: Only part of a ReadProcessMemory or WriteProcessMemory request was completed. (0x12B)
[1230/225524.084:WARNING:pe_image_reader.cc(302)] could not read dos header from C:\WINDOWS\SYSTEM32\bcrypt.dll
[1230/225524.085:ERROR:process_reader_win.cc(242)] ReadMemory at 0x7ff912860000 of 64 bytes failed: Only part of a ReadProcessMemory or WriteProcessMemory request was completed. (0x12B)
[1230/225524.085:WARNING:pe_image_reader.cc(302)] could not read dos header from C:\WINDOWS\SYSTEM32\iertutil.dll
[1230/225524.085:ERROR:process_reader_win.cc(242)] ReadMemory at 0x7ff91b320000 of 64 bytes failed: Only part of a ReadProcessMemory or WriteProcessMemory request was completed. (0x12B)
[1230/225524.085:WARNING:pe_image_reader.cc(302)] could not read dos header from C:\WINDOWS\SYSTEM32\SSPICLI.DLL
[1230/225524.236:ERROR:process_reader_win.cc(242)] ReadMemory at 0x57517f8000 of 32768 bytes failed: Only part of a ReadProcessMemory or WriteProcessMemory request was completed. (0x12B)
[1230/225524.236:ERROR:process_reader_win.cc(242)] ReadMemory at 0x57519fe000 of 8192 bytes failed: Only part of a ReadProcessMemory or WriteProcessMemory request was completed. (0x12B)
[1230/225524.236:ERROR:process_reader_win.cc(242)] ReadMemory at 0x5751bfe000 of 8192 bytes failed: Only part of a ReadProcessMemory or WriteProcessMemory request was completed. (0x12B)
[1230/225524.236:ERROR:process_reader_win.cc(242)] ReadMemory at 0x5751dfe000 of 8192 bytes failed: Only part of a ReadProcessMemory or WriteProcessMemory request was completed. (0x12B)
[1230/225524.236:ERROR:process_reader_win.cc(242)] ReadMemory at 0x5751ffe000 of 8192 bytes failed: Only part of a ReadProcessMemory or WriteProcessMemory request was completed. (0x12B)
[1230/225524.236:ERROR:process_reader_win.cc(242)] ReadMemory at 0x57521fe000 of 8192 bytes failed: Only part of a ReadProcessMemory or WriteProcessMemory request was completed. (0x12B)
[1230/225524.236:ERROR:process_reader_win.cc(242)] ReadMemory at 0x57523fd000 of 12288 bytes failed: Only part of a ReadProcessMemory or WriteProcessMemory request was completed. (0x12B)
[1230/225524.236:ERROR:process_reader_win.cc(242)] ReadMemory at 0x57525fe000 of 8192 bytes failed: Only part of a ReadProcessMemory or WriteProcessMemory request was completed. (0x12B)
[1230/225524.237:ERROR:process_reader_win.cc(242)] ReadMemory at 0x57527fe000 of 8192 bytes failed: Only part of a ReadProcessMemory or WriteProcessMemory request was completed. (0x12B)
[1230/225524.237:ERROR:process_reader_win.cc(242)] ReadMemory at 0x57529fc000 of 16384 bytes failed: Only part of a ReadProcessMemory or WriteProcessMemory request was completed. (0x12B)
[1230/225524.237:ERROR:process_reader_win.cc(242)] ReadMemory at 0x5752bfe000 of 8192 bytes failed: Only part of a ReadProcessMemory or WriteProcessMemory request was completed. (0x12B)
[1230/225524.237:ERROR:process_reader_win.cc(242)] ReadMemory at 0x5752dfe000 of 8192 bytes failed: Only part of a ReadProcessMemory or WriteProcessMemory request was completed. (0x12B)
[1230/225524.237:ERROR:process_reader_win.cc(242)] ReadMemory at 0x5752ffe000 of 8192 bytes failed: Only part of a ReadProcessMemory or WriteProcessMemory request was completed. (0x12B)
[1230/225524.237:ERROR:process_reader_win.cc(242)] ReadMemory at 0x57531fe000 of 8192 bytes failed: Only part of a ReadProcessMemory or WriteProcessMemory request was completed. (0x12B)
[1230/225524.237:ERROR:process_reader_win.cc(242)] ReadMemory at 0x575151a000 of 852 bytes failed: Only part of a ReadProcessMemory or WriteProcessMemory request was completed. (0x12B)
[1230/225524.237:ERROR:process_reader_win.cc(242)] ReadMemory at 0x575151b000 of 6024 bytes failed: Only part of a ReadProcessMemory or WriteProcessMemory request was completed. (0x12B)
[1230/225524.237:ERROR:process_reader_win.cc(242)] ReadMemory at 0x575151d000 of 6024 bytes failed: Only part of a ReadProcessMemory or WriteProcessMemory request was completed. (0x12B)
[1230/225524.237:ERROR:process_reader_win.cc(242)] ReadMemory at 0x575151f000 of 6024 bytes failed: Only part of a ReadProcessMemory or WriteProcessMemory request was completed. (0x12B)
[1230/225524.237:ERROR:process_reader_win.cc(242)] ReadMemory at 0x5751521000 of 6024 bytes failed: Only part of a ReadProcessMemory or WriteProcessMemory request was completed. (0x12B)
[1230/225524.238:ERROR:process_reader_win.cc(242)] ReadMemory at 0x5751523000 of 6024 bytes failed: Only part of a ReadProcessMemory or WriteProcessMemory request was completed. (0x12B)
[1230/225524.238:ERROR:process_reader_win.cc(242)] ReadMemory at 0x5751525000 of 6024 bytes failed: Only part of a ReadProcessMemory or WriteProcessMemory request was completed. (0x12B)
[1230/225524.238:ERROR:process_reader_win.cc(242)] ReadMemory at 0x5751527000 of 6024 bytes failed: Only part of a ReadProcessMemory or WriteProcessMemory request was completed. (0x12B)
[1230/225524.238:ERROR:process_reader_win.cc(242)] ReadMemory at 0x5751529000 of 6024 bytes failed: Only part of a ReadProcessMemory or WriteProcessMemory request was completed. (0x12B)
[1230/225524.238:ERROR:process_reader_win.cc(242)] ReadMemory at 0x575152b000 of 6024 bytes failed: Only part of a ReadProcessMemory or WriteProcessMemory request was completed. (0x12B)
[1230/225524.238:ERROR:process_reader_win.cc(242)] ReadMemory at 0x575152d000 of 6024 bytes failed: Only part of a ReadProcessMemory or WriteProcessMemory request was completed. (0x12B)
[1230/225524.238:ERROR:process_reader_win.cc(242)] ReadMemory at 0x575152f000 of 6024 bytes failed: Only part of a ReadProcessMemory or WriteProcessMemory request was completed. (0x12B)
[1230/225524.238:ERROR:process_reader_win.cc(242)] ReadMemory at 0x5751531000 of 6024 bytes failed: Only part of a ReadProcessMemory or WriteProcessMemory request was completed. (0x12B)
[1230/225524.238:ERROR:process_reader_win.cc(242)] ReadMemory at 0x5751533000 of 6024 bytes failed: Only part of a ReadProcessMemory or WriteProcessMemory request was completed. (0x12B)
[1230/225524.238:ERROR:process_reader_win.cc(242)] ReadMemory at 0x5751535000 of 6024 bytes failed: Only part of a ReadProcessMemory or WriteProcessMemory request was completed. (0x12B)
[1230/225524.238:ERROR:process_reader_win.cc(242)] ReadMemory at 0x1647d330fc0 of 5042 bytes failed: Only part of a ReadProcessMemory or WriteProcessMemory request was completed. (0x12B)
[1230/225524.238:ERROR:process_reader_win.cc(242)] ReadMemory at 0x1647d332380 of 1012 bytes failed: Only part of a ReadProcessMemory or WriteProcessMemory request was completed. (0x12B)
[1230/225524.238:ERROR:process_reader_win.cc(242)] ReadMemory at 0x1647d332998 of 118 bytes failed: Only part of a ReadProcessMemory or WriteProcessMemory request was completed. (0x12B)
[1230/225524.238:ERROR:process_reader_win.cc(242)] ReadMemory at 0x1647d332a10 of 1418 bytes failed: Only part of a ReadProcessMemory or WriteProcessMemory request was completed. (0x12B)
[1230/225524.238:ERROR:process_reader_win.cc(242)] ReadMemory at 0x1647d332f9c of 118 bytes failed: Only part of a ReadProcessMemory or WriteProcessMemory request was completed. (0x12B)
[1230/225524.238:ERROR:process_reader_win.cc(242)] ReadMemory at 0x1647d333014 of 98 bytes failed: Only part of a ReadProcessMemory or WriteProcessMemory request was completed. (0x12B)
[1230/225524.239:ERROR:process_reader_win.cc(242)] ReadMemory at 0x1647d333090 of 58 bytes failed: Only part of a ReadProcessMemory or WriteProcessMemory request was completed. (0x12B)
[1230/225524.239:ERROR:process_reader_win.cc(242)] ReadMemory at 0x1647d333190 of 132 bytes failed: Only part of a ReadProcessMemory or WriteProcessMemory request was completed. (0x12B)
[1230/225524.239:ERROR:process_reader_win.cc(242)] ReadMemory at 0x1647d333320 of 132 bytes failed: Only part of a ReadProcessMemory or WriteProcessMemory request was completed. (0x12B)
[1230/225524.239:ERROR:process_reader_win.cc(242)] ReadMemory at 0x1647d3334e0 of 124 bytes failed: Only part of a ReadProcessMemory or WriteProcessMemory request was completed. (0x12B)
[1230/225524.239:ERROR:process_reader_win.cc(242)] ReadMemory at 0x1647d3338c0 of 132 bytes failed: Only part of a ReadProcessMemory or WriteProcessMemory request was completed. (0x12B)
[1230/225524.239:ERROR:process_reader_win.cc(242)] ReadMemory at 0x1647d333a50 of 64 bytes failed: Only part of a ReadProcessMemory or WriteProcessMemory request was completed. (0x12B)
[1230/225524.239:ERROR:process_reader_win.cc(242)] ReadMemory at 0x1647d333bb0 of 132 bytes failed: Only part of a ReadProcessMemory or WriteProcessMemory request was completed. (0x12B)
[1230/225524.239:ERROR:process_reader_win.cc(242)] ReadMemory at 0x1647d333ea0 of 132 bytes failed: Only part of a ReadProcessMemory or WriteProcessMemory request was completed. (0x12B)
[1230/225524.239:ERROR:process_reader_win.cc(242)] ReadMemory at 0x1647d334030 of 68 bytes failed: Only part of a ReadProcessMemory or WriteProcessMemory request was completed. (0x12B)
[1230/225524.239:ERROR:process_reader_win.cc(242)] ReadMemory at 0x1647d334f30 of 62 bytes failed: Only part of a ReadProcessMemory or WriteProcessMemory request was completed. (0x12B)
[1230/225524.239:ERROR:process_reader_win.cc(242)] ReadMemory at 0x1647d33a550 of 132 bytes failed: Only part of a ReadProcessMemory or WriteProcessMemory request was completed. (0x12B)
[1230/225524.239:ERROR:process_reader_win.cc(242)] ReadMemory at 0x1647d33a790 of 132 bytes failed: Only part of a ReadProcessMemory or WriteProcessMemory request was completed. (0x12B)
[1230/225524.239:ERROR:process_reader_win.cc(242)] ReadMemory at 0x1647d33a920 of 62 bytes failed: Only part of a ReadProcessMemory or WriteProcessMemory request was completed. (0x12B)
[1230/225524.239:ERROR:process_reader_win.cc(242)] ReadMemory at 0x1647d33c0b0 of 132 bytes failed: Only part of a ReadProcessMemory or WriteProcessMemory request was completed. (0x12B)
[1230/225524.239:ERROR:process_reader_win.cc(242)] ReadMemory at 0x1647d33c240 of 60 bytes failed: Only part of a ReadProcessMemory or WriteProcessMemory request was completed. (0x12B)
[1230/225524.239:ERROR:process_reader_win.cc(242)] ReadMemory at 0x1647d33c290 of 156 bytes failed: Only part of a ReadProcessMemory or WriteProcessMemory request was completed. (0x12B)
[1230/225524.239:ERROR:process_reader_win.cc(242)] ReadMemory at 0x1647d33c490 of 132 bytes failed: Only part of a ReadProcessMemory or WriteProcessMemory request was completed. (0x12B)
[1230/225524.239:ERROR:process_reader_win.cc(242)] ReadMemory at 0x1647d33c620 of 64 bytes failed: Only part of a ReadProcessMemory or WriteProcessMemory request was completed. (0x12B)
[1230/225524.239:ERROR:process_reader_win.cc(242)] ReadMemory at 0x1647d33c8a0 of 132 bytes failed: Only part of a ReadProcessMemory or WriteProcessMemory request was completed. (0x12B)
[1230/225524.239:ERROR:process_reader_win.cc(242)] ReadMemory at 0x1647d33ca30 of 64 bytes failed: Only part of a ReadProcessMemory or WriteProcessMemory request was completed. (0x12B)
[1230/225524.239:ERROR:process_reader_win.cc(242)] ReadMemory at 0x1647d33cc90 of 132 bytes failed: Only part of a ReadProcessMemory or WriteProcessMemory request was completed. (0x12B)
[1230/225524.239:ERROR:process_reader_win.cc(242)] ReadMemory at 0x1647d33ce20 of 60 bytes failed: Only part of a ReadProcessMemory or WriteProcessMemory request was completed. (0x12B)
[1230/225524.239:ERROR:process_reader_win.cc(242)] ReadMemory at 0x1647d33d140 of 132 bytes failed: Only part of a ReadProcessMemory or WriteProcessMemory request was completed. (0x12B)
[1230/225524.240:ERROR:process_reader_win.cc(242)] ReadMemory at 0x1647d33d3e0 of 80 bytes failed: Only part of a ReadProcessMemory or WriteProcessMemory request was completed. (0x12B)
[1230/225524.240:ERROR:process_reader_win.cc(242)] ReadMemory at 0x1647d33d5c0 of 76 bytes failed: Only part of a ReadProcessMemory or WriteProcessMemory request was completed. (0x12B)
[1230/225524.240:ERROR:process_reader_win.cc(242)] ReadMemory at 0x1647d33d680 of 78 bytes failed: Only part of a ReadProcessMemory or WriteProcessMemory request was completed. (0x12B)
[1230/225524.240:ERROR:process_reader_win.cc(242)] ReadMemory at 0x1647d33de80 of 60 bytes failed: Only part of a ReadProcessMemory or WriteProcessMemory request was completed. (0x12B)
[1230/225524.240:ERROR:process_reader_win.cc(242)] ReadMemory at 0x1647d33e0c0 of 132 bytes failed: Only part of a ReadProcessMemory or WriteProcessMemory request was completed. (0x12B)
[1230/225524.240:ERROR:process_reader_win.cc(242)] ReadMemory at 0x1647d33e1f0 of 62 bytes failed: Only part of a ReadProcessMemory or WriteProcessMemory request was completed. (0x12B)
[1230/225524.240:ERROR:process_reader_win.cc(242)] ReadMemory at 0x1647d33e940 of 132 bytes failed: Only part of a ReadProcessMemory or WriteProcessMemory request was completed. (0x12B)
[1230/225524.240:ERROR:process_reader_win.cc(242)] ReadMemory at 0x1647d33ec00 of 132 bytes failed: Only part of a ReadProcessMemory or WriteProcessMemory request was completed. (0x12B)
[1230/225524.240:ERROR:process_reader_win.cc(242)] ReadMemory at 0x1647d33f0e0 of 132 bytes failed: Only part of a ReadProcessMemory or WriteProcessMemory request was completed. (0x12B)
[1230/225524.240:ERROR:process_reader_win.cc(242)] ReadMemory at 0x1647d33f210 of 64 bytes failed: Only part of a ReadProcessMemory or WriteProcessMemory request was completed. (0x12B)
[1230/225524.240:ERROR:process_reader_win.cc(242)] ReadMemory at 0x1647d340380 of 132 bytes failed: Only part of a ReadProcessMemory or WriteProcessMemory request was completed. (0x12B)
[1230/225524.240:ERROR:process_reader_win.cc(242)] ReadMemory at 0x1647d340500 of 58 bytes failed: Only part of a ReadProcessMemory or WriteProcessMemory request was completed. (0x12B)
[1230/225524.240:ERROR:process_reader_win.cc(242)] ReadMemory at 0x1647d3405f0 of 60 bytes failed: Only part of a ReadProcessMemory or WriteProcessMemory request was completed. (0x12B)
[1230/225524.240:ERROR:process_reader_win.cc(242)] ReadMemory at 0x1647d340640 of 60 bytes failed: Only part of a ReadProcessMemory or WriteProcessMemory request was completed. (0x12B)
[1230/225524.240:ERROR:process_reader_win.cc(242)] ReadMemory at 0x1647d340730 of 60 bytes failed: Only part of a ReadProcessMemory or WriteProcessMemory request was completed. (0x12B)
[1230/225524.240:ERROR:process_reader_win.cc(242)] ReadMemory at 0x1647d340780 of 64 bytes failed: Only part of a ReadProcessMemory or WriteProcessMemory request was completed. (0x12B)
[1230/225524.240:ERROR:process_reader_win.cc(242)] ReadMemory at 0x1647d340870 of 66 bytes failed: Only part of a ReadProcessMemory or WriteProcessMemory request was completed. (0x12B)
[1230/225524.240:ERROR:process_reader_win.cc(242)] ReadMemory at 0x1647d340910 of 58 bytes failed: Only part of a ReadProcessMemory or WriteProcessMemory request was completed. (0x12B)
[1230/225524.240:ERROR:process_reader_win.cc(242)] ReadMemory at 0x1647d340960 of 62 bytes failed: Only part of a ReadProcessMemory or WriteProcessMemory request was completed. (0x12B)
[1230/225524.240:ERROR:process_reader_win.cc(242)] ReadMemory at 0x1647d340aa0 of 62 bytes failed: Only part of a ReadProcessMemory or WriteProcessMemory request was completed. (0x12B)
[1230/225524.240:ERROR:process_reader_win.cc(242)] ReadMemory at 0x1647d340af0 of 66 bytes failed: Only part of a ReadProcessMemory or WriteProcessMemory request was completed. (0x12B)
[1230/225524.240:ERROR:process_reader_win.cc(242)] ReadMemory at 0x1647d340b40 of 62 bytes failed: Only part of a ReadProcessMemory or WriteProcessMemory request was completed. (0x12B)
[1230/225524.240:ERROR:process_reader_win.cc(242)] ReadMemory at 0x1647d340b90 of 58 bytes failed: Only part of a ReadProcessMemory or WriteProcessMemory request was completed. (0x12B)
[1230/225524.263:ERROR:process_reader_win.cc(242)] ReadMemory at 0x1647d340be0 of 62 bytes failed: Only part of a ReadProcessMemory or WriteProcessMemory request was completed. (0x12B)
[1230/225524.263:ERROR:process_reader_win.cc(242)] ReadMemory at 0x1647d340c30 of 62 bytes failed: Only part of a ReadProcessMemory or WriteProcessMemory request was completed. (0x12B)
[1230/225524.264:ERROR:process_reader_win.cc(242)] ReadMemory at 0x1647d340de0 of 132 bytes failed: Only part of a ReadProcessMemory or WriteProcessMemory request was completed. (0x12B)
[1230/225524.264:ERROR:process_reader_win.cc(242)] ReadMemory at 0x1647d340f10 of 132 bytes failed: Only part of a ReadProcessMemory or WriteProcessMemory request was completed. (0x12B)
[1230/225524.264:ERROR:process_reader_win.cc(242)] ReadMemory at 0x1647d341040 of 132 bytes failed: Only part of a ReadProcessMemory or WriteProcessMemory request was completed. (0x12B)
[1230/225524.264:ERROR:process_reader_win.cc(242)] ReadMemory at 0x1647d341170 of 132 bytes failed: Only part of a ReadProcessMemory or WriteProcessMemory request was completed. (0x12B)
[1230/225524.264:ERROR:process_reader_win.cc(242)] ReadMemory at 0x1647d3412a0 of 132 bytes failed: Only part of a ReadProcessMemory or WriteProcessMemory request was completed. (0x12B)
[1230/225524.264:ERROR:process_reader_win.cc(242)] ReadMemory at 0x1647d3413d0 of 132 bytes failed: Only part of a ReadProcessMemory or WriteProcessMemory request was completed. (0x12B)
[1230/225524.264:ERROR:process_reader_win.cc(242)] ReadMemory at 0x1647d341500 of 132 bytes failed: Only part of a ReadProcessMemory or WriteProcessMemory request was completed. (0x12B)
[1230/225524.264:ERROR:process_reader_win.cc(242)] ReadMemory at 0x1647d341630 of 132 bytes failed: Only part of a ReadProcessMemory or WriteProcessMemory request was completed. (0x12B)
[1230/225524.264:ERROR:process_reader_win.cc(242)] ReadMemory at 0x1647d341760 of 132 bytes failed: Only part of a ReadProcessMemory or WriteProcessMemory request was completed. (0x12B)
[1230/225524.264:ERROR:process_reader_win.cc(242)] ReadMemory at 0x1647d341890 of 132 bytes failed: Only part of a ReadProcessMemory or WriteProcessMemory request was completed. (0x12B)
[1230/225524.264:ERROR:process_reader_win.cc(242)] ReadMemory at 0x1647d3419c0 of 132 bytes failed: Only part of a ReadProcessMemory or WriteProcessMemory request was completed. (0x12B)
[1230/225524.264:ERROR:process_reader_win.cc(242)] ReadMemory at 0x1647d341af0 of 132 bytes failed: Only part of a ReadProcessMemory or WriteProcessMemory request was completed. (0x12B)
[1230/225524.264:ERROR:process_reader_win.cc(242)] ReadMemory at 0x1647d341c20 of 132 bytes failed: Only part of a ReadProcessMemory or WriteProcessMemory request was completed. (0x12B)
[1230/225524.264:ERROR:process_reader_win.cc(242)] ReadMemory at 0x1647d341da0 of 246 bytes failed: Only part of a ReadProcessMemory or WriteProcessMemory request was completed. (0x12B)
[1230/225524.264:ERROR:process_reader_win.cc(242)] ReadMemory at 0x1647d344850 of 132 bytes failed: Only part of a ReadProcessMemory or WriteProcessMemory request was completed. (0x12B)
[1230/225524.264:ERROR:process_reader_win.cc(242)] ReadMemory at 0x1647d344ab0 of 132 bytes failed: Only part of a ReadProcessMemory or WriteProcessMemory request was completed. (0x12B)
[1230/225524.264:ERROR:process_reader_win.cc(242)] ReadMemory at 0x1647d344be0 of 132 bytes failed: Only part of a ReadProcessMemory or WriteProcessMemory request was completed. (0x12B)
[1230/225524.264:ERROR:process_reader_win.cc(242)] ReadMemory at 0x1647d344d10 of 132 bytes failed: Only part of a ReadProcessMemory or WriteProcessMemory request was completed. (0x12B)
[1230/225524.264:ERROR:process_reader_win.cc(242)] ReadMemory at 0x1647d344e40 of 132 bytes failed: Only part of a ReadProcessMemory or WriteProcessMemory request was completed. (0x12B)
[1230/225524.264:ERROR:process_reader_win.cc(242)] ReadMemory at 0x1647d344f70 of 132 bytes failed: Only part of a ReadProcessMemory or WriteProcessMemory request was completed. (0x12B)
[1230/225524.264:ERROR:process_reader_win.cc(242)] ReadMemory at 0x1647d3450a0 of 132 bytes failed: Only part of a ReadProcessMemory or WriteProcessMemory request was completed. (0x12B)
[1230/225524.264:ERROR:process_reader_win.cc(242)] ReadMemory at 0x1647d3451d0 of 132 bytes failed: Only part of a ReadProcessMemory or WriteProcessMemory request was completed. (0x12B)
[1230/225524.265:ERROR:process_reader_win.cc(242)] ReadMemory at 0x1647d345300 of 132 bytes failed: Only part of a ReadProcessMemory or WriteProcessMemory request was completed. (0x12B)
[1230/225524.265:ERROR:process_reader_win.cc(242)] ReadMemory at 0x1647d345430 of 132 bytes failed: Only part of a ReadProcessMemory or WriteProcessMemory request was completed. (0x12B)
[1230/225524.265:ERROR:process_reader_win.cc(242)] ReadMemory at 0x1647d345560 of 132 bytes failed: Only part of a ReadProcessMemory or WriteProcessMemory request was completed. (0x12B)
[1230/225524.265:ERROR:process_reader_win.cc(242)] ReadMemory at 0x1647d345690 of 132 bytes failed: Only part of a ReadProcessMemory or WriteProcessMemory request was completed. (0x12B)
[1230/225524.265:ERROR:process_reader_win.cc(242)] ReadMemory at 0x1647d3457c0 of 132 bytes failed: Only part of a ReadProcessMemory or WriteProcessMemory request was completed. (0x12B)
[1230/225524.265:ERROR:process_reader_win.cc(242)] ReadMemory at 0x1647d3458f0 of 132 bytes failed: Only part of a ReadProcessMemory or WriteProcessMemory request was completed. (0x12B)
[1230/225524.265:ERROR:process_reader_win.cc(242)] ReadMemory at 0x1647d345a20 of 132 bytes failed: Only part of a ReadProcessMemory or WriteProcessMemory request was completed. (0x12B)
[1230/225524.265:ERROR:process_reader_win.cc(242)] ReadMemory at 0x1647d345b50 of 132 bytes failed: Only part of a ReadProcessMemory or WriteProcessMemory request was completed. (0x12B)
[1230/225524.265:ERROR:process_reader_win.cc(242)] ReadMemory at 0x1647d345c80 of 132 bytes failed: Only part of a ReadProcessMemory or WriteProcessMemory request was completed. (0x12B)
[1230/225524.265:ERROR:process_reader_win.cc(242)] ReadMemory at 0x1647d345db0 of 132 bytes failed: Only part of a ReadProcessMemory or WriteProcessMemory request was completed. (0x12B)
[1230/225524.265:ERROR:process_reader_win.cc(242)] ReadMemory at 0x1647d346010 of 132 bytes failed: Only part of a ReadProcessMemory or WriteProcessMemory request was completed. (0x12B)
[1230/225524.265:ERROR:process_reader_win.cc(242)] ReadMemory at 0x1647d346140 of 132 bytes failed: Only part of a ReadProcessMemory or WriteProcessMemory request was completed. (0x12B)
[1230/225524.265:ERROR:process_reader_win.cc(242)] ReadMemory at 0x1647d346270 of 132 bytes failed: Only part of a ReadProcessMemory or WriteProcessMemory request was completed. (0x12B)
[1230/225524.265:ERROR:process_reader_win.cc(242)] ReadMemory at 0x1647d3463a0 of 132 bytes failed: Only part of a ReadProcessMemory or WriteProcessMemory request was completed. (0x12B)
[1230/225524.265:ERROR:process_reader_win.cc(242)] ReadMemory at 0x1647d3464d0 of 132 bytes failed: Only part of a ReadProcessMemory or WriteProcessMemory request was completed. (0x12B)
[1230/225524.265:ERROR:process_reader_win.cc(242)] ReadMemory at 0x1647d346600 of 132 bytes failed: Only part of a ReadProcessMemory or WriteProcessMemory request was completed. (0x12B)
[1230/225524.265:ERROR:process_reader_win.cc(242)] ReadMemory at 0x1647d346810 of 152 bytes failed: Only part of a ReadProcessMemory or WriteProcessMemory request was completed. (0x12B)
[1230/225524.265:ERROR:process_reader_win.cc(242)] ReadMemory at 0x1647d349380 of 58 bytes failed: Only part of a ReadProcessMemory or WriteProcessMemory request was completed. (0x12B)
[1230/225524.265:ERROR:process_reader_win.cc(242)] ReadMemory at 0x1647d349510 of 60 bytes failed: Only part of a ReadProcessMemory or WriteProcessMemory request was completed. (0x12B)
[1230/225524.265:ERROR:process_reader_win.cc(242)] ReadMemory at 0x1647d3495b0 of 62 bytes failed: Only part of a ReadProcessMemory or WriteProcessMemory request was completed. (0x12B)
[1230/225524.265:ERROR:process_reader_win.cc(242)] ReadMemory at 0x1647d349650 of 64 bytes failed: Only part of a ReadProcessMemory or WriteProcessMemory request was completed. (0x12B)
[1230/225524.265:ERROR:process_reader_win.cc(242)] ReadMemory at 0x1647d349740 of 66 bytes failed: Only part of a ReadProcessMemory or WriteProcessMemory request was completed. (0x12B)
[1230/225524.266:ERROR:process_reader_win.cc(242)] ReadMemory at 0x1647d349790 of 66 bytes failed: Only part of a ReadProcessMemory or WriteProcessMemory request was completed. (0x12B)
[1230/225524.266:ERROR:process_reader_win.cc(242)] ReadMemory at 0x1647d349a10 of 64 bytes failed: Only part of a ReadProcessMemory or WriteProcessMemory request was completed. (0x12B)
[1230/225524.266:ERROR:process_reader_win.cc(242)] ReadMemory at 0x1647d349bf0 of 64 bytes failed: Only part of a ReadProcessMemory or WriteProcessMemory request was completed. (0x12B)
[1230/225524.266:ERROR:process_reader_win.cc(242)] ReadMemory at 0x1647d349c90 of 60 bytes failed: Only part of a ReadProcessMemory or WriteProcessMemory request was completed. (0x12B)
[1230/225524.266:ERROR:process_reader_win.cc(242)] ReadMemory at 0x1647d349f60 of 64 bytes failed: Only part of a ReadProcessMemory or WriteProcessMemory request was completed. (0x12B)
[1230/225524.266:ERROR:process_reader_win.cc(242)] ReadMemory at 0x1647d349fb0 of 58 bytes failed: Only part of a ReadProcessMemory or WriteProcessMemory request was completed. (0x12B)
[1230/225524.266:ERROR:process_reader_win.cc(242)] ReadMemory at 0x1647d353ed0 of 54 bytes failed: Only part of a ReadProcessMemory or WriteProcessMemory request was completed. (0x12B)
[1230/225524.266:ERROR:process_reader_win.cc(242)] ReadMemory at 0x1647d357f10 of 64 bytes failed: Only part of a ReadProcessMemory or WriteProcessMemory request was completed. (0x12B)
[1230/225524.266:ERROR:process_reader_win.cc(242)] ReadMemory at 0x1647d357f60 of 56 bytes failed: Only part of a ReadProcessMemory or WriteProcessMemory request was completed. (0x12B)
[1230/225524.266:ERROR:process_reader_win.cc(242)] ReadMemory at 0x1647d3580f0 of 62 bytes failed: Only part of a ReadProcessMemory or WriteProcessMemory request was completed. (0x12B)
[1230/225524.266:ERROR:process_reader_win.cc(242)] ReadMemory at 0x1647d358140 of 64 bytes failed: Only part of a ReadProcessMemory or WriteProcessMemory request was completed. (0x12B)
[1230/225524.266:ERROR:process_reader_win.cc(242)] ReadMemory at 0x1647d358190 of 62 bytes failed: Only part of a ReadProcessMemory or WriteProcessMemory request was completed. (0x12B)
[1230/225524.266:ERROR:process_reader_win.cc(242)] ReadMemory at 0x1647d358410 of 64 bytes failed: Only part of a ReadProcessMemory or WriteProcessMemory request was completed. (0x12B)
[1230/225524.266:ERROR:process_reader_win.cc(242)] ReadMemory at 0x1647d358550 of 60 bytes failed: Only part of a ReadProcessMemory or WriteProcessMemory request was completed. (0x12B)
[1230/225524.266:ERROR:process_reader_win.cc(242)] ReadMemory at 0x1647d3585a0 of 62 bytes failed: Only part of a ReadProcessMemory or WriteProcessMemory request was completed. (0x12B)
[1230/225524.266:ERROR:process_reader_win.cc(242)] ReadMemory at 0x1647d3585f0 of 60 bytes failed: Only part of a ReadProcessMemory or WriteProcessMemory request was completed. (0x12B)
[1230/225524.266:ERROR:process_reader_win.cc(242)] ReadMemory at 0x1647d358690 of 62 bytes failed: Only part of a ReadProcessMemory or WriteProcessMemory request was completed. (0x12B)
[1230/225524.266:ERROR:process_reader_win.cc(242)] ReadMemory at 0x1647d3587d0 of 60 bytes failed: Only part of a ReadProcessMemory or WriteProcessMemory request was completed. (0x12B)
[1230/225524.266:ERROR:process_reader_win.cc(242)] ReadMemory at 0x1647d358820 of 62 bytes failed: Only part of a ReadProcessMemory or WriteProcessMemory request was completed. (0x12B)
[1230/225524.266:ERROR:process_reader_win.cc(242)] ReadMemory at 0x1647d3588c0 of 58 bytes failed: Only part of a ReadProcessMemory or WriteProcessMemory request was completed. (0x12B)
[1230/225524.266:ERROR:process_reader_win.cc(242)] ReadMemory at 0x1647d358910 of 60 bytes failed: Only part of a ReadProcessMemory or WriteProcessMemory request was completed. (0x12B)
[1230/225524.266:ERROR:process_reader_win.cc(242)] ReadMemory at 0x1647d359090 of 132 bytes failed: Only part of a ReadProcessMemory or WriteProcessMemory request was completed. (0x12B)
[1230/225524.266:ERROR:process_reader_win.cc(242)] ReadMemory at 0x1647d3597b0 of 132 bytes failed: Only part of a ReadProcessMemory or WriteProcessMemory request was completed. (0x12B)
[1230/225524.266:ERROR:process_reader_win.cc(242)] ReadMemory at 0x1647d359ed0 of 132 bytes failed: Only part of a ReadProcessMemory or WriteProcessMemory request was completed. (0x12B)
[1230/225524.267:ERROR:process_reader_win.cc(242)] ReadMemory at 0x1647d35aab0 of 132 bytes failed: Only part of a ReadProcessMemory or WriteProcessMemory request was completed. (0x12B)
[1230/225524.267:ERROR:process_reader_win.cc(242)] ReadMemory at 0x1647d35abe0 of 132 bytes failed: Only part of a ReadProcessMemory or WriteProcessMemory request was completed. (0x12B)
[1230/225524.267:ERROR:process_reader_win.cc(242)] ReadMemory at 0x1647d36dcf0 of 512 bytes failed: Only part of a ReadProcessMemory or WriteProcessMemory request was completed. (0x12B)
[1230/225524.267:ERROR:process_reader_win.cc(242)] ReadMemory at 0x1647d36f400 of 512 bytes failed: Only part of a ReadProcessMemory or WriteProcessMemory request was completed. (0x12B)
[1230/225524.267:ERROR:process_reader_win.cc(242)] ReadMemory at 0x1647d5f1ea0 of 512 bytes failed: Only part of a ReadProcessMemory or WriteProcessMemory request was completed. (0x12B)
[1230/225524.267:ERROR:process_reader_win.cc(242)] ReadMemory at 0x1647d930000 of 384 bytes failed: Only part of a ReadProcessMemory or WriteProcessMemory request was completed. (0x12B)
[1230/225524.267:ERROR:process_reader_win.cc(242)] ReadMemory at 0x1647d9579b0 of 512 bytes failed: Only part of a ReadProcessMemory or WriteProcessMemory request was completed. (0x12B)
[1230/225524.267:ERROR:process_reader_win.cc(242)] ReadMemory at 0x1647d9672c8 of 512 bytes failed: Only part of a ReadProcessMemory or WriteProcessMemory request was completed. (0x12B)
[1230/225524.267:ERROR:process_reader_win.cc(242)] ReadMemory at 0x1647d96c560 of 512 bytes failed: Only part of a ReadProcessMemory or WriteProcessMemory request was completed. (0x12B)
[1230/225524.267:ERROR:process_reader_win.cc(242)] ReadMemory at 0x1647d96d630 of 512 bytes failed: Only part of a ReadProcessMemory or WriteProcessMemory request was completed. (0x12B)
[1230/225524.267:ERROR:process_reader_win.cc(242)] ReadMemory at 0x1647d96e1b0 of 512 bytes failed: Only part of a ReadProcessMemory or WriteProcessMemory request was completed. (0x12B)
[1230/225524.267:ERROR:process_reader_win.cc(242)] ReadMemory at 0x1647d9826a8 of 512 bytes failed: Only part of a ReadProcessMemory or WriteProcessMemory request was completed. (0x12B)
[1230/225524.267:ERROR:process_reader_win.cc(242)] ReadMemory at 0x1647d982ca8 of 512 bytes failed: Only part of a ReadProcessMemory or WriteProcessMemory request was completed. (0x12B)
[1230/225524.267:ERROR:process_reader_win.cc(242)] ReadMemory at 0x1647d988c20 of 512 bytes failed: Only part of a ReadProcessMemory or WriteProcessMemory request was completed. (0x12B)
[1230/225524.267:ERROR:process_reader_win.cc(242)] ReadMemory at 0x1647d98d1e0 of 688 bytes failed: Only part of a ReadProcessMemory or WriteProcessMemory request was completed. (0x12B)
[1230/225524.267:ERROR:process_reader_win.cc(242)] ReadMemory at 0x1647d9bf960 of 512 bytes failed: Only part of a ReadProcessMemory or WriteProcessMemory request was completed. (0x12B)
[1230/225524.267:ERROR:process_reader_win.cc(242)] ReadMemory at 0x1647dc60000 of 384 bytes failed: Only part of a ReadProcessMemory or WriteProcessMemory request was completed. (0x12B)
[1230/225524.267:ERROR:process_reader_win.cc(242)] ReadMemory at 0x1647dc64b28 of 512 bytes failed: Only part of a ReadProcessMemory or WriteProcessMemory request was completed. (0x12B)
[1230/225524.267:ERROR:process_reader_win.cc(242)] ReadMemory at 0x1647f990000 of 384 bytes failed: Only part of a ReadProcessMemory or WriteProcessMemory request was completed. (0x12B)
[1230/225524.267:ERROR:process_reader_win.cc(242)] ReadMemory at 0x1647f9e19f8 of 512 bytes failed: Only part of a ReadProcessMemory or WriteProcessMemory request was completed. (0x12B)
[1230/225524.267:ERROR:process_reader_win.cc(242)] ReadMemory at 0x1647fade190 of 512 bytes failed: Only part of a ReadProcessMemory or WriteProcessMemory request was completed. (0x12B)
[1230/225524.268:ERROR:process_reader_win.cc(242)] ReadMemory at 0x1647faf78d0 of 512 bytes failed: Only part of a ReadProcessMemory or WriteProcessMemory request was completed. (0x12B)
[1230/225524.268:ERROR:process_reader_win.cc(242)] ReadMemory at 0x47d815403218 of 512 bytes failed: Only part of a ReadProcessMemory or WriteProcessMemory request was completed. (0x12B)
[1230/225524.268:ERROR:process_reader_win.cc(242)] ReadMemory at 0x47d8154038c8 of 560 bytes failed: Only part of a ReadProcessMemory or WriteProcessMemory request was completed. (0x12B)
[1230/225524.268:ERROR:process_reader_win.cc(242)] ReadMemory at 0x7ff8cafb5a19 of 512 bytes failed: Only part of a ReadProcessMemory or WriteProcessMemory request was completed. (0x12B)
[1230/225524.268:ERROR:process_reader_win.cc(242)] ReadMemory at 0x7ff8cb50397d of 512 bytes failed: Only part of a ReadProcessMemory or WriteProcessMemory request was completed. (0x12B)
[1230/225524.268:ERROR:process_reader_win.cc(242)] ReadMemory at 0x7ff8ccfe73a0 of 512 bytes failed: Only part of a ReadProcessMemory or WriteProcessMemory request was completed. (0x12B)
[1230/225524.268:ERROR:process_reader_win.cc(242)] ReadMemory at 0x7ff8cd037c20 of 512 bytes failed: Only part of a ReadProcessMemory or WriteProcessMemory request was completed. (0x12B)
[1230/225524.268:ERROR:process_reader_win.cc(242)] ReadMemory at 0x7ff91f040840 of 512 bytes failed: Only part of a ReadProcessMemory or WriteProcessMemory request was completed. (0x12B)
[1230/225524.268:ERROR:process_reader_win.cc(242)] ReadMemory at 0x7ff91f136270 of 512 bytes failed: Only part of a ReadProcessMemory or WriteProcessMemory request was completed. (0x12B)
[1230/225524.268:ERROR:process_reader_win.cc(242)] ReadMemory at 0x7ff91f1379f0 of 512 bytes failed: Only part of a ReadProcessMemory or WriteProcessMemory request was completed. (0x12B)
[1230/225524.268:ERROR:process_reader_win.cc(242)] ReadMemory at 0x7ff91f1382e0 of 512 bytes failed: Only part of a ReadProcessMemory or WriteProcessMemory request was completed. (0x12B)
[1230/225524.268:ERROR:process_reader_win.cc(242)] ReadMemory at 0x7ff91f13a0d0 of 512 bytes failed: Only part of a ReadProcessMemory or WriteProcessMemory request was completed. (0x12B)
[1230/225524.268:ERROR:process_reader_win.cc(242)] ReadMemory at 0x7ff91f1aa9a4 of 672 bytes failed: Only part of a ReadProcessMemory or WriteProcessMemory request was completed. (0x12B)
[1230/225524.268:ERROR:process_reader_win.cc(242)] ReadMemory at 0x7ff91f1aafa4 of 512 bytes failed: Only part of a ReadProcessMemory or WriteProcessMemory request was completed. (0x12B)
[1230/225524.268:ERROR:process_reader_win.cc(242)] ReadMemory at 0x7ff91f1ae214 of 608 bytes failed: Only part of a ReadProcessMemory or WriteProcessMemory request was completed. (0x12B)
[1230/225524.268:ERROR:process_reader_win.cc(242)] ReadMemory at 0x7ff91f228ac0 of 512 bytes failed: Only part of a ReadProcessMemory or WriteProcessMemory request was completed. (0x12B)
[1230/225524.268:ERROR:process_reader_win.cc(242)] ReadMemory at 0x7ff91f233810 of 18 bytes failed: Only part of a ReadProcessMemory or WriteProcessMemory request was completed. (0x12B)
[1230/225524.268:ERROR:process_reader_win.cc(242)] ReadMemory at 0x7ff91f2664e0 of 40 bytes failed: Only part of a ReadProcessMemory or WriteProcessMemory request was completed. (0x12B)
[1230/225524.268:ERROR:process_reader_win.cc(242)] ReadMemory at 0x7ff91f266938 of 48 bytes failed: Only part of a ReadProcessMemory or WriteProcessMemory request was completed. (0x12B)
[1230/225524.268:ERROR:process_reader_win.cc(242)] ReadMemory at 0x7ff91f26c360 of 64 bytes failed: Only part of a ReadProcessMemory or WriteProcessMemory request was completed. (0x12B)
[1230/225524.419:ERROR:scoped_process_suspend.cc(40)] NtResumeProcess: An attempt was made to access an exiting process. (0xc000010a)
